<?xml version="1.0" encoding="UTF-8"?>
<testng-results ignored="0" total="1" passed="1" failed="0" skipped="0">
  <reporter-output>
  </reporter-output>
  <suite started-at="2021-09-01T15:10:50 NZST" name="Command line suite" finished-at="2021-09-01T15:11:41 NZST" duration-ms="50753">
    <groups>
    </groups>
    <test started-at="2021-09-01T15:10:50 NZST" name="Command line test" finished-at="2021-09-01T15:11:41 NZST" duration-ms="50753">
      <class name="InvokeLayer.BuggyRatingTest">
        <test-method is-config="true" signature="beforeMethod()[pri:0, instance:InvokeLayer.BuggyRatingTest@5a8e6209]" started-at="2021-09-01T15:10:50 NZST" name="beforeMethod" finished-at="2021-09-01T15:11:02 NZST" duration-ms="11824" status="PASS">
          <reporter-output>
          </reporter-output>
        </test-method> <!-- beforeMethod -->
        <test-method signature="functionalTest()[pri:0, instance:InvokeLayer.BuggyRatingTest@5a8e6209]" started-at="2021-09-01T15:11:02 NZST" name="functionalTest" finished-at="2021-09-01T15:11:40 NZST" duration-ms="38198" status="PASS">
          <reporter-output>
          </reporter-output>
        </test-method> <!-- functionalTest -->
        <test-method is-config="true" signature="afterMethod()[pri:0, instance:InvokeLayer.BuggyRatingTest@5a8e6209]" started-at="2021-09-01T15:11:40 NZST" name="afterMethod" finished-at="2021-09-01T15:11:41 NZST" duration-ms="669" status="PASS">
          <reporter-output>
          </reporter-output>
        </test-method> <!-- afterMethod -->
      </class> <!-- InvokeLayer.BuggyRatingTest -->
    </test> <!-- Command line test -->
  </suite> <!-- Command line suite -->
</testng-results>
